# JRE version: OpenJDK Runtime Environment (21.0.3) (build 21.0.3+-12282718-b509.11)
# Java VM: OpenJDK 64-Bit Server VM (21.0.3+-12282718-b509.11, mixed mode, tiered, compressed oops, compressed class ptrs, g1 gc, windows-amd64)
GC Precious Log:
 CardTable entry size: 512
 Card Set container configuration: InlinePtr #cards 5 size 8 Array Of Cards #cards 12 size 40 Howl #buckets 4 coarsen threshold 1843 Howl Bitmap #cards 512 size 80 coarsen threshold 460 Card regions per heap region 1 cards per card region 2048
 CPUs: 8 total, 8 available
 Memory: 8063M
 Large Page Support: Disabled
 NUMA Support: Disabled
 Compressed Oops: Enabled (32-bit)
 Heap Region Size: 1M
 Heap Min Capacity: 8M
 Heap Initial Capacity: 126M
 Heap Max Capacity: 2G
 Pre-touch: Disabled
 Parallel Workers: 8
 Concurrent Workers: 2
 Concurrent Refinement Workers: 8
 Periodic GC: Disabled
Heap:
 garbage-first heap   total 295936K, used 155254K [0x0000000080000000, 0x0000000100000000)
  region size 1024K, 4 young (4096K), 4 survivors (4096K)
 Metaspace       used 155247K, committed 157312K, reserved 1245184K
  class space    used 20447K, committed 21888K, reserved 1048576K
GC Heap History (20 events):
Event: 58.493 GC heap after
{Heap after GC invocations=50 (full 0):
 garbage-first heap   total 271360K, used 159738K [0x0000000080000000, 0x0000000100000000)
  region size 1024K, 7 young (7168K), 7 survivors (7168K)
 Metaspace       used 128441K, committed 130560K, reserved 1179648K
  class space    used 17304K, committed 18368K, reserved 1048576K
}
Event: 70.886 GC heap before
{Heap before GC invocations=50 (full 0):
 garbage-first heap   total 271360K, used 229370K [0x0000000080000000, 0x0000000100000000)
  region size 1024K, 76 young (77824K), 7 survivors (7168K)
 Metaspace       used 136174K, committed 138432K, reserved 1179648K
  class space    used 18403K, committed 19584K, reserved 1048576K
}
Event: 70.901 GC heap after
{Heap after GC invocations=51 (full 0):
 garbage-first heap   total 271360K, used 162038K [0x0000000080000000, 0x0000000100000000)
  region size 1024K, 4 young (4096K), 4 survivors (4096K)
 Metaspace       used 136174K, committed 138432K, reserved 1179648K
  class space    used 18403K, committed 19584K, reserved 1048576K
}
Event: 72.732 GC heap before
{Heap before GC invocations=51 (full 0):
 garbage-first heap   total 271360K, used 234742K [0x0000000080000000, 0x0000000100000000)
  region size 1024K, 76 young (77824K), 4 survivors (4096K)
 Metaspace       used 145850K, committed 148096K, reserved 1179648K
  class space    used 20022K, committed 21120K, reserved 1048576K
}
Event: 72.740 GC heap after
{Heap after GC invocations=52 (full 0):
 garbage-first heap   total 271360K, used 163791K [0x0000000080000000, 0x0000000100000000)
  region size 1024K, 5 young (5120K), 5 survivors (5120K)
 Metaspace       used 145850K, committed 148096K, reserved 1179648K
  class space    used 20022K, committed 21120K, reserved 1048576K
}
Event: 1702.340 GC heap before
{Heap before GC invocations=53 (full 0):
 garbage-first heap   total 271360K, used 244687K [0x0000000080000000, 0x0000000100000000)
  region size 1024K, 83 young (84992K), 5 survivors (5120K)
 Metaspace       used 152550K, committed 154944K, reserved 1245184K
  class space    used 20688K, committed 21888K, reserved 1048576K
}
Event: 1702.361 GC heap after
{Heap after GC invocations=54 (full 0):
 garbage-first heap   total 271360K, used 152877K [0x0000000080000000, 0x0000000100000000)
  region size 1024K, 6 young (6144K), 6 survivors (6144K)
 Metaspace       used 152550K, committed 154944K, reserved 1245184K
  class space    used 20688K, committed 21888K, reserved 1048576K
}
Event: 4056.070 GC heap before
{Heap before GC invocations=54 (full 0):
 garbage-first heap   total 271360K, used 247085K [0x0000000080000000, 0x0000000100000000)
  region size 1024K, 99 young (101376K), 6 survivors (6144K)
 Metaspace       used 152955K, committed 155328K, reserved 1245184K
  class space    used 20694K, committed 21888K, reserved 1048576K
}
Event: 4056.688 GC heap after
{Heap after GC invocations=55 (full 0):
 garbage-first heap   total 271360K, used 144687K [0x0000000080000000, 0x0000000100000000)
  region size 1024K, 9 young (9216K), 9 survivors (9216K)
 Metaspace       used 152955K, committed 155328K, reserved 1245184K
  class space    used 20694K, committed 21888K, reserved 1048576K
}
Event: 4060.786 GC heap before
{Heap before GC invocations=55 (full 0):
 garbage-first heap   total 271360K, used 185647K [0x0000000080000000, 0x0000000100000000)
  region size 1024K, 51 young (52224K), 9 survivors (9216K)
 Metaspace       used 153274K, committed 155584K, reserved 1245184K
  class space    used 20695K, committed 21888K, reserved 1048576K
}
Event: 4061.089 GC heap after
{Heap after GC invocations=56 (full 0):
 garbage-first heap   total 271360K, used 149345K [0x0000000080000000, 0x0000000100000000)
  region size 1024K, 12 young (12288K), 12 survivors (12288K)
 Metaspace       used 153274K, committed 155584K, reserved 1245184K
  class space    used 20695K, committed 21888K, reserved 1048576K
}
Event: 4070.414 GC heap before
{Heap before GC invocations=57 (full 0):
 garbage-first heap   total 295936K, used 266081K [0x0000000080000000, 0x0000000100000000)
  region size 1024K, 103 young (105472K), 12 survivors (12288K)
 Metaspace       used 150701K, committed 155712K, reserved 1245184K
  class space    used 20043K, committed 21888K, reserved 1048576K
}
Event: 4070.591 GC heap after
{Heap after GC invocations=58 (full 0):
 garbage-first heap   total 295936K, used 151372K [0x0000000080000000, 0x0000000100000000)
  region size 1024K, 8 young (8192K), 8 survivors (8192K)
 Metaspace       used 150701K, committed 155712K, reserved 1245184K
  class space    used 20043K, committed 21888K, reserved 1048576K
}
Event: 4070.724 GC heap before
{Heap before GC invocations=58 (full 0):
 garbage-first heap   total 295936K, used 158540K [0x0000000080000000, 0x0000000100000000)
  region size 1024K, 15 young (15360K), 8 survivors (8192K)
 Metaspace       used 150889K, committed 155712K, reserved 1245184K
  class space    used 20057K, committed 21888K, reserved 1048576K
}
Event: 4070.756 GC heap after
{Heap after GC invocations=59 (full 0):
 garbage-first heap   total 295936K, used 150072K [0x0000000080000000, 0x0000000100000000)
  region size 1024K, 2 young (2048K), 2 survivors (2048K)
 Metaspace       used 150889K, committed 155712K, reserved 1245184K
  class space    used 20057K, committed 21888K, reserved 1048576K
}
Event: 4076.713 GC heap before
{Heap before GC invocations=59 (full 0):
 garbage-first heap   total 295936K, used 257592K [0x0000000080000000, 0x0000000100000000)
  region size 1024K, 108 young (110592K), 2 survivors (2048K)
 Metaspace       used 153835K, committed 156352K, reserved 1245184K
  class space    used 20310K, committed 21888K, reserved 1048576K
}
Event: 4076.958 GC heap after
{Heap after GC invocations=60 (full 0):
 garbage-first heap   total 295936K, used 152091K [0x0000000080000000, 0x0000000100000000)
  region size 1024K, 12 young (12288K), 12 survivors (12288K)
 Metaspace       used 153835K, committed 156352K, reserved 1245184K
  class space    used 20310K, committed 21888K, reserved 1048576K
}
Event: 4076.965 GC heap before
{Heap before GC invocations=60 (full 0):
 garbage-first heap   total 295936K, used 154139K [0x0000000080000000, 0x0000000100000000)
  region size 1024K, 14 young (14336K), 12 survivors (12288K)
 Metaspace       used 153835K, committed 156352K, reserved 1245184K
  class space    used 20310K, committed 21888K, reserved 1048576K
}
Event: 4077.281 GC heap after
{Heap after GC invocations=61 (full 0):
 garbage-first heap   total 295936K, used 153426K [0x0000000080000000, 0x0000000100000000)
  region size 1024K, 2 young (2048K), 2 survivors (2048K)
 Metaspace       used 153835K, committed 156352K, reserved 1245184K
  class space    used 20310K, committed 21888K, reserved 1048576K
}
Event: 4099.706 GC heap before
{Heap before GC invocations=61 (full 0):
 garbage-first heap   total 295936K, used 242514K [0x0000000080000000, 0x0000000100000000)
  region size 1024K, 91 young (93184K), 2 survivors (2048K)
 Metaspace       used 155247K, committed 157312K, reserved 1245184K
  class space    used 20447K, committed 21888K, reserved 1048576K
}

