# JRE version: OpenJDK Runtime Environment (21.0.3) (build 21.0.3+-12282718-b509.11)
# Java VM: OpenJDK 64-Bit Server VM (21.0.3+-12282718-b509.11, mixed mode, tiered, compressed oops, compressed class ptrs, g1 gc, windows-amd64)
GC Precious Log:
 CardTable entry size: 512
 Card Set container configuration: InlinePtr #cards 5 size 8 Array Of Cards #cards 12 size 40 Howl #buckets 4 coarsen threshold 1843 Howl Bitmap #cards 512 size 80 coarsen threshold 460 Card regions per heap region 1 cards per card region 2048
 CPUs: 8 total, 8 available
 Memory: 8063M
 Large Page Support: Disabled
 NUMA Support: Disabled
 Compressed Oops: Enabled (32-bit)
 Heap Region Size: 1M
 Heap Min Capacity: 8M
 Heap Initial Capacity: 126M
 Heap Max Capacity: 2G
 Pre-touch: Disabled
 Parallel Workers: 8
 Concurrent Workers: 2
 Concurrent Refinement Workers: 8
 Periodic GC: Disabled
Heap:
 garbage-first heap   total 110592K, used 80514K [0x0000000080000000, 0x0000000100000000)
  region size 1024K, 43 young (44032K), 5 survivors (5120K)
 Metaspace       used 67815K, committed 69504K, reserved 1114112K
  class space    used 9306K, committed 10112K, reserved 1048576K
GC Heap History (20 events):
Event: 4.164 GC heap before
{Heap before GC invocations=2 (full 0):
 garbage-first heap   total 129024K, used 77171K [0x0000000080000000, 0x0000000100000000)
  region size 1024K, 66 young (67584K), 2 survivors (2048K)
 Metaspace       used 21172K, committed 21504K, reserved 1114112K
  class space    used 2459K, committed 2624K, reserved 1048576K
}
Event: 4.172 GC heap after
{Heap after GC invocations=3 (full 0):
 garbage-first heap   total 129024K, used 20527K [0x0000000080000000, 0x0000000100000000)
  region size 1024K, 10 young (10240K), 10 survivors (10240K)
 Metaspace       used 21172K, committed 21504K, reserved 1114112K
  class space    used 2459K, committed 2624K, reserved 1048576K
}
Event: 5.834 GC heap before
{Heap before GC invocations=4 (full 0):
 garbage-first heap   total 75776K, used 73775K [0x0000000080000000, 0x0000000100000000)
  region size 1024K, 63 young (64512K), 10 survivors (10240K)
 Metaspace       used 30006K, committed 30592K, reserved 1114112K
  class space    used 3891K, committed 4160K, reserved 1048576K
}
Event: 5.844 GC heap after
{Heap after GC invocations=5 (full 0):
 garbage-first heap   total 89088K, used 23862K [0x0000000080000000, 0x0000000100000000)
  region size 1024K, 4 young (4096K), 4 survivors (4096K)
 Metaspace       used 30006K, committed 30592K, reserved 1114112K
  class space    used 3891K, committed 4160K, reserved 1048576K
}
Event: 6.892 GC heap before
{Heap before GC invocations=5 (full 0):
 garbage-first heap   total 89088K, used 62774K [0x0000000080000000, 0x0000000100000000)
  region size 1024K, 43 young (44032K), 4 survivors (4096K)
 Metaspace       used 35278K, committed 36096K, reserved 1114112K
  class space    used 4766K, committed 5184K, reserved 1048576K
}
Event: 6.899 GC heap after
{Heap after GC invocations=6 (full 0):
 garbage-first heap   total 89088K, used 26865K [0x0000000080000000, 0x0000000100000000)
  region size 1024K, 6 young (6144K), 6 survivors (6144K)
 Metaspace       used 35278K, committed 36096K, reserved 1114112K
  class space    used 4766K, committed 5184K, reserved 1048576K
}
Event: 6.944 GC heap before
{Heap before GC invocations=6 (full 0):
 garbage-first heap   total 89088K, used 28913K [0x0000000080000000, 0x0000000100000000)
  region size 1024K, 9 young (9216K), 6 survivors (6144K)
 Metaspace       used 35604K, committed 36416K, reserved 1114112K
  class space    used 4838K, committed 5248K, reserved 1048576K
}
Event: 6.948 GC heap after
{Heap after GC invocations=7 (full 0):
 garbage-first heap   total 89088K, used 26980K [0x0000000080000000, 0x0000000100000000)
  region size 1024K, 3 young (3072K), 3 survivors (3072K)
 Metaspace       used 35604K, committed 36416K, reserved 1114112K
  class space    used 4838K, committed 5248K, reserved 1048576K
}
Event: 8.102 GC heap before
{Heap before GC invocations=8 (full 0):
 garbage-first heap   total 89088K, used 73060K [0x0000000080000000, 0x0000000100000000)
  region size 1024K, 48 young (49152K), 3 survivors (3072K)
 Metaspace       used 42551K, committed 43776K, reserved 1114112K
  class space    used 5913K, committed 6528K, reserved 1048576K
}
Event: 8.107 GC heap after
{Heap after GC invocations=9 (full 0):
 garbage-first heap   total 89088K, used 30041K [0x0000000080000000, 0x0000000100000000)
  region size 1024K, 6 young (6144K), 6 survivors (6144K)
 Metaspace       used 42551K, committed 43776K, reserved 1114112K
  class space    used 5913K, committed 6528K, reserved 1048576K
}
Event: 8.815 GC heap before
{Heap before GC invocations=9 (full 0):
 garbage-first heap   total 89088K, used 79193K [0x0000000080000000, 0x0000000100000000)
  region size 1024K, 50 young (51200K), 6 survivors (6144K)
 Metaspace       used 48528K, committed 49728K, reserved 1114112K
  class space    used 6473K, committed 7040K, reserved 1048576K
}
Event: 8.825 GC heap after
{Heap after GC invocations=10 (full 0):
 garbage-first heap   total 92160K, used 34264K [0x0000000080000000, 0x0000000100000000)
  region size 1024K, 7 young (7168K), 7 survivors (7168K)
 Metaspace       used 48528K, committed 49728K, reserved 1114112K
  class space    used 6473K, committed 7040K, reserved 1048576K
}
Event: 14.227 GC heap before
{Heap before GC invocations=10 (full 0):
 garbage-first heap   total 92160K, used 77272K [0x0000000080000000, 0x0000000100000000)
  region size 1024K, 50 young (51200K), 7 survivors (7168K)
 Metaspace       used 51163K, committed 52544K, reserved 1114112K
  class space    used 6870K, committed 7552K, reserved 1048576K
}
Event: 14.235 GC heap after
{Heap after GC invocations=11 (full 0):
 garbage-first heap   total 92160K, used 39583K [0x0000000080000000, 0x0000000100000000)
  region size 1024K, 5 young (5120K), 5 survivors (5120K)
 Metaspace       used 51163K, committed 52544K, reserved 1114112K
  class space    used 6870K, committed 7552K, reserved 1048576K
}
Event: 15.234 GC heap before
{Heap before GC invocations=11 (full 0):
 garbage-first heap   total 92160K, used 80543K [0x0000000080000000, 0x0000000100000000)
  region size 1024K, 44 young (45056K), 5 survivors (5120K)
 Metaspace       used 57058K, committed 58560K, reserved 1114112K
  class space    used 7677K, committed 8384K, reserved 1048576K
}
Event: 15.238 GC heap after
{Heap after GC invocations=12 (full 0):
 garbage-first heap   total 92160K, used 41217K [0x0000000080000000, 0x0000000100000000)
  region size 1024K, 3 young (3072K), 3 survivors (3072K)
 Metaspace       used 57058K, committed 58560K, reserved 1114112K
  class space    used 7677K, committed 8384K, reserved 1048576K
}
Event: 15.668 GC heap before
{Heap before GC invocations=12 (full 0):
 garbage-first heap   total 92160K, used 56577K [0x0000000080000000, 0x0000000100000000)
  region size 1024K, 19 young (19456K), 3 survivors (3072K)
 Metaspace       used 59342K, committed 60800K, reserved 1114112K
  class space    used 7978K, committed 8704K, reserved 1048576K
}
Event: 15.672 GC heap after
{Heap after GC invocations=13 (full 0):
 garbage-first heap   total 92160K, used 41558K [0x0000000080000000, 0x0000000100000000)
  region size 1024K, 3 young (3072K), 3 survivors (3072K)
 Metaspace       used 59342K, committed 60800K, reserved 1114112K
  class space    used 7978K, committed 8704K, reserved 1048576K
}
Event: 17.056 GC heap before
{Heap before GC invocations=14 (full 0):
 garbage-first heap   total 92160K, used 81494K [0x0000000080000000, 0x0000000100000000)
  region size 1024K, 42 young (43008K), 3 survivors (3072K)
 Metaspace       used 64925K, committed 66496K, reserved 1114112K
  class space    used 8893K, committed 9664K, reserved 1048576K
}
Event: 17.060 GC heap after
{Heap after GC invocations=15 (full 0):
 garbage-first heap   total 110592K, used 43650K [0x0000000080000000, 0x0000000100000000)
  region size 1024K, 5 young (5120K), 5 survivors (5120K)
 Metaspace       used 64925K, committed 66496K, reserved 1114112K
  class space    used 8893K, committed 9664K, reserved 1048576K
}

